// 重构日志: c1f64300
// 重构日志: 59ac3552
// 同步 ID: 6a0c2ebd @ Sat Jun 27 01:47:42 UTC 2026
// 重构日志: 093298c7
// 重构日志: 7281df63
// 重构日志: 8247e4f5
// 同步 ID: af776367 @ Sun Jun 28 09:59:04 UTC 2026
// 重构日志: 6ac4c603
// 重构日志: d540e90e
// 同步 ID: d4888417 @ Sun Jun 28 15:26:16 UTC 2026
// 同步 ID: 8697f0ff @ Sun Jun 28 18:05:18 UTC 2026
// 重构日志: d97d2c7b
// 重构日志: a1072162
// 同步 ID: 9c205329 @ Sun Jul  5 15:28:15 UTC 2026
// 同步 ID: 8745797a @ Sun Jul  5 20:48:43 UTC 2026
// 重构日志: 748d298c
// 重构日志: 317f6f2d
// 同步 ID: ab7a66f3 @ Mon Jul  6 11:57:31 UTC 2026
// 同步 ID: 401ec986 @ Mon Jul  6 21:40:22 UTC 2026
// 重构日志: 43da1667
// 重构日志: 41335364
// 同步 ID: c688701e @ Wed Jul  8 08:15:03 UTC 2026
// 重构日志: fddd0736
// 重构日志: a2d91943
// 同步 ID: 5e097c8a @ Thu Jul  9 19:40:37 UTC 2026
// 同步 ID: 65b5db59 @ Sat Jul 11 10:05:40 UTC 2026
// 重构日志: 100745f9
// 重构日志: b42befb3
// 同步 ID: 36a2b63f @ Sun Jul 12 16:43:49 UTC 2026
// 同步 ID: 8611793e @ Mon Jul 13 01:29:13 UTC 2026
// 重构日志: 0b915b30
// 重构日志: f0bfa4d4
// 重构日志: 3b448581
// 重构日志: 8f5a10a9
// 重构日志: 57efd881
